
> weatherApp@0.0.1 build
> ng build

[33m√î√ò¬ª[39m Building...
[32m√î¬£√∂[39m Building...
Application bundle generation failed. [7.673 seconds] - 2026-01-24T18:20:16.432Z

√î√ª‚ñì [WARNING] The glob pattern import("./**/*.entry.js*") did not match any files [empty-glob]

    node_modules/@stencil/core/internal/client/index.js:169:2:
      169 √î√∂√©   `./${bundleId}.entry.js${BUILD5.hotModuleReplacement && hmrVers...
          √î√≤√Å   ~~~~~~~~~~~~~~~~~~~~~~~~~~~~~~~~~~~~~~~~~~~~~~~~~~~~~~~~~~~~~~~


X [ERROR] NG1010: 'imports' must be an array of components, directives, pipes, or NgModules.
  Value could not be determined statically. [plugin angular-compiler]

    src/app/components/molecules/molecule-search-bar/molecule-search-bar.component.ts:12:70:
      12 √î√∂√© ...dule, TranslateModule, IonSearchbar, IonItem, IonButton, IonIcon],
         √î√≤√Å                                         ~~~~~~~

  Unknown reference.

    src/app/components/molecules/molecule-search-bar/molecule-search-bar.component.ts:12:70:
      12 √î√∂√© ...dule, TranslateModule, IonSearchbar, IonItem, IonButton, IonIcon],
         √î√≤√Å                                         ~~~~~~~


X [ERROR] TS2304: Cannot find name 'IonItem'. [plugin angular-compiler]

    src/app/components/molecules/molecule-search-bar/molecule-search-bar.component.ts:12:70:
      12 √î√∂√© ...dule, TranslateModule, IonSearchbar, IonItem, IonButton, IonIcon],
         √î√≤√Å                                         ~~~~~~~


X [ERROR] NG1010: 'imports' must be an array of components, directives, pipes, or NgModules.
  Value could not be determined statically. [plugin angular-compiler]

    src/app/components/molecules/molecule-search-bar/molecule-search-bar.component.ts:12:79:
      12 √î√∂√© ...dule, TranslateModule, IonSearchbar, IonItem, IonButton, IonIcon],
         √î√≤√Å                                                  ~~~~~~~~~

  Unknown reference.

    src/app/components/molecules/molecule-search-bar/molecule-search-bar.component.ts:12:79:
      12 √î√∂√© ...dule, TranslateModule, IonSearchbar, IonItem, IonButton, IonIcon],
         √î√≤√Å                                                  ~~~~~~~~~


X [ERROR] TS2304: Cannot find name 'IonButton'. [plugin angular-compiler]

    src/app/components/molecules/molecule-search-bar/molecule-search-bar.component.ts:12:79:
      12 √î√∂√© ...dule, TranslateModule, IonSearchbar, IonItem, IonButton, IonIcon],
         √î√≤√Å                                                  ~~~~~~~~~


X [ERROR] NG1010: 'imports' must be an array of components, directives, pipes, or NgModules.
  Value could not be determined statically. [plugin angular-compiler]

    src/app/components/molecules/molecule-search-bar/molecule-search-bar.component.ts:12:90:
      12 √î√∂√© ...dule, TranslateModule, IonSearchbar, IonItem, IonButton, IonIcon],
         √î√≤√Å                                                             ~~~~~~~

  Unknown reference.

    src/app/components/molecules/molecule-search-bar/molecule-search-bar.component.ts:12:90:
      12 √î√∂√© ...dule, TranslateModule, IonSearchbar, IonItem, IonButton, IonIcon],
         √î√≤√Å                                                             ~~~~~~~


X [ERROR] TS2304: Cannot find name 'IonIcon'. [plugin angular-compiler]

    src/app/components/molecules/molecule-search-bar/molecule-search-bar.component.ts:12:90:
      12 √î√∂√© ...dule, TranslateModule, IonSearchbar, IonItem, IonButton, IonIcon],
         √î√≤√Å                                                             ~~~~~~~


X [ERROR] NG1010: 'imports' must be an array of components, directives, pipes, or NgModules.
  Value could not be determined statically. [plugin angular-compiler]

    src/app/components/molecules/molecule-weather-card/molecule-weather-card.component.ts:10:54:
      10 √î√∂√© ...rts: [CommonModule, IonItem, IonLabel, IonNote, IonIcon, IonText],
         √î√≤√Å                                                    ~~~~~~~

  Unknown reference.

    src/app/components/molecules/molecule-weather-card/molecule-weather-card.component.ts:10:54:
      10 √î√∂√© ...rts: [CommonModule, IonItem, IonLabel, IonNote, IonIcon, IonText],
         √î√≤√Å                                                    ~~~~~~~


X [ERROR] TS2304: Cannot find name 'IonIcon'. [plugin angular-compiler]

    src/app/components/molecules/molecule-weather-card/molecule-weather-card.component.ts:10:54:
      10 √î√∂√© ...rts: [CommonModule, IonItem, IonLabel, IonNote, IonIcon, IonText],
         √î√≤√Å                                                    ~~~~~~~


X [ERROR] NG1010: 'imports' must be an array of components, directives, pipes, or NgModules.
  Value could not be determined statically. [plugin angular-compiler]

    src/app/components/organisms/organism-current-weather/organism-current-weather.component.ts:12:68:
      12 √î√∂√© ...IonCard, IonCardContent, IonCardHeader, IonCardSubtitle, IonCar...
         √î√≤√Å                             ~~~~~~~~~~~~~

  Unknown reference.

    src/app/components/organisms/organism-current-weather/organism-current-weather.component.ts:12:68:
      12 √î√∂√© ...IonCard, IonCardContent, IonCardHeader, IonCardSubtitle, IonCar...
         √î√≤√Å                             ~~~~~~~~~~~~~


X [ERROR] TS2304: Cannot find name 'IonCardHeader'. [plugin angular-compiler]

    src/app/components/organisms/organism-current-weather/organism-current-weather.component.ts:12:68:
      12 √î√∂√© ...IonCard, IonCardContent, IonCardHeader, IonCardSubtitle, IonCar...
         √î√≤√Å                             ~~~~~~~~~~~~~


X [ERROR] NG1010: 'imports' must be an array of components, directives, pipes, or NgModules.
  Value could not be determined statically. [plugin angular-compiler]

    src/app/components/organisms/organism-current-weather/organism-current-weather.component.ts:12:123:
      12 √î√∂√© ...ubtitle, IonCardTitle, IonIcon, IonText, IonGrid, IonRow, IonCol],
         √î√≤√Å                                    ~~~~~~~

  Unknown reference.

    src/app/components/organisms/organism-current-weather/organism-current-weather.component.ts:12:123:
      12 √î√∂√© ...ubtitle, IonCardTitle, IonIcon, IonText, IonGrid, IonRow, IonCol],
         √î√≤√Å                                    ~~~~~~~


X [ERROR] TS2304: Cannot find name 'IonText'. [plugin angular-compiler]

    src/app/components/organisms/organism-current-weather/organism-current-weather.component.ts:12:123:
      12 √î√∂√© ...ubtitle, IonCardTitle, IonIcon, IonText, IonGrid, IonRow, IonCol],
         √î√≤√Å                                    ~~~~~~~


X [ERROR] NG1010: 'imports' must be an array of components, directives, pipes, or NgModules.
  Value could not be determined statically. [plugin angular-compiler]

    src/app/home/home.page.ts:18:66:
      18 √î√∂√© ...ule, IonContent, IonHeader, IonTitle, IonToolbar, IonButtons, I...
         √î√≤√Å                                ~~~~~~~~

  Unknown reference.

    src/app/home/home.page.ts:18:66:
      18 √î√∂√© ...ule, IonContent, IonHeader, IonTitle, IonToolbar, IonButtons, I...
         √î√≤√Å                                ~~~~~~~~


X [ERROR] TS2304: Cannot find name 'IonTitle'. [plugin angular-compiler]

    src/app/home/home.page.ts:18:66:
      18 √î√∂√© ...ule, IonContent, IonHeader, IonTitle, IonToolbar, IonButtons, I...
         √î√≤√Å                                ~~~~~~~~


X [ERROR] TS2554: Expected 0 arguments, but got 3. [plugin angular-compiler]

    src/main.ts:14:33:
      14 √î√∂√©   return new TranslateHttpLoader(http, '/assets/i18n/', '.json');
         √î√≤√Å                                  ~~~~~~~~~~~~~~~~~~~~~~~~~~~~~~


